mode: atomic
github.com/rotemreiss/maskproxy/logger.go:43.83,46.18 2 0
github.com/rotemreiss/maskproxy/logger.go:46.19,46.20 0 0
github.com/rotemreiss/maskproxy/logger.go:47.1,47.18 1 0
github.com/rotemreiss/maskproxy/logger.go:47.18,49.15 2 0
github.com/rotemreiss/maskproxy/logger.go:49.15,51.2 1 0
github.com/rotemreiss/maskproxy/logger.go:52.1,53.17 2 0
github.com/rotemreiss/maskproxy/logger.go:53.17,53.30 1 0
github.com/rotemreiss/maskproxy/logger.go:56.1,57.66 2 0
github.com/rotemreiss/maskproxy/logger.go:62.33,64.2 1 67
github.com/rotemreiss/maskproxy/logger.go:67.54,69.2 1 7
github.com/rotemreiss/maskproxy/logger.go:72.53,74.2 1 0
github.com/rotemreiss/maskproxy/logger.go:77.56,78.15 1 0
github.com/rotemreiss/maskproxy/logger.go:78.15,80.2 1 0
github.com/rotemreiss/maskproxy/logger.go:93.109,97.9 3 67
github.com/rotemreiss/maskproxy/logger.go:97.9,99.2 1 0
github.com/rotemreiss/maskproxy/logger.go:102.1,103.21 2 67
github.com/rotemreiss/maskproxy/logger.go:103.21,105.2 1 1
github.com/rotemreiss/maskproxy/logger.go:106.1,108.16 2 67
github.com/rotemreiss/maskproxy/logger.go:108.16,110.2 1 67
github.com/rotemreiss/maskproxy/logger.go:115.1,117.44 3 0
github.com/rotemreiss/maskproxy/logger.go:117.44,118.26 1 0
github.com/rotemreiss/maskproxy/logger.go:118.26,120.9 2 0
github.com/rotemreiss/maskproxy/logger.go:122.1,122.35 1 0
github.com/rotemreiss/maskproxy/logger.go:122.35,124.2 1 0
github.com/rotemreiss/maskproxy/logger.go:126.1,129.13 3 0
github.com/rotemreiss/maskproxy/logger.go:138.108,142.13 3 66
github.com/rotemreiss/maskproxy/logger.go:142.13,144.2 1 3
github.com/rotemreiss/maskproxy/logger.go:146.1,147.21 2 66
github.com/rotemreiss/maskproxy/logger.go:147.21,149.2 1 13
github.com/rotemreiss/maskproxy/logger.go:150.1,153.16 2 66
github.com/rotemreiss/maskproxy/logger.go:153.16,155.2 1 66
github.com/rotemreiss/maskproxy/logger.go:157.1,159.45 3 0
github.com/rotemreiss/maskproxy/logger.go:159.45,160.26 1 0
github.com/rotemreiss/maskproxy/logger.go:160.26,162.9 2 0
github.com/rotemreiss/maskproxy/logger.go:164.1,164.36 1 0
github.com/rotemreiss/maskproxy/logger.go:164.36,166.2 1 0
github.com/rotemreiss/maskproxy/logger.go:168.1,169.49 2 0
github.com/rotemreiss/maskproxy/logger.go:173.42,174.15 1 0
github.com/rotemreiss/maskproxy/logger.go:174.15,176.2 1 0
github.com/rotemreiss/maskproxy/logger.go:177.1,180.14 4 0
github.com/rotemreiss/maskproxy/logger.go:180.14,182.2 1 0
github.com/rotemreiss/maskproxy/logger.go:183.1,184.14 2 0
github.com/rotemreiss/maskproxy/logger.go:184.14,186.2 1 0
github.com/rotemreiss/maskproxy/logger.go:186.7,188.2 1 0
github.com/rotemreiss/maskproxy/logger.go:189.1,189.51 1 0
github.com/rotemreiss/maskproxy/logger.go:189.51,193.2 3 0
github.com/rotemreiss/maskproxy/logger.go:194.1,194.14 1 0
github.com/rotemreiss/maskproxy/logger.go:194.14,196.2 1 0
github.com/rotemreiss/maskproxy/logger.go:197.1,197.19 1 0
github.com/rotemreiss/maskproxy/logger.go:201.41,203.18 2 0
github.com/rotemreiss/maskproxy/logger.go:203.18,205.2 1 0
github.com/rotemreiss/maskproxy/logger.go:206.1,207.12 2 0
github.com/rotemreiss/maskproxy/logger.go:211.33,213.13 2 66
github.com/rotemreiss/maskproxy/logger.go:213.13,215.2 1 66
github.com/rotemreiss/maskproxy/logger.go:216.1,217.41 2 0
github.com/rotemreiss/maskproxy/logger.go:217.41,220.2 2 0
github.com/rotemreiss/maskproxy/logger.go:221.1,221.71 1 0
github.com/rotemreiss/maskproxy/logger.go:238.107,239.14 1 9
github.com/rotemreiss/maskproxy/logger.go:239.14,241.2 1 1
github.com/rotemreiss/maskproxy/logger.go:242.1,243.15 2 8
github.com/rotemreiss/maskproxy/logger.go:243.15,245.2 1 0
github.com/rotemreiss/maskproxy/logger.go:246.1,247.9 2 8
github.com/rotemreiss/maskproxy/logger.go:247.9,249.2 1 1
github.com/rotemreiss/maskproxy/logger.go:250.1,250.11 1 8
github.com/rotemreiss/maskproxy/logger.go:250.11,252.2 1 1
github.com/rotemreiss/maskproxy/logger.go:253.1,253.93 1 8
github.com/rotemreiss/maskproxy/main.go:118.38,118.71 1 0
github.com/rotemreiss/maskproxy/main.go:119.42,120.32 1 0
github.com/rotemreiss/maskproxy/main.go:120.32,122.3 1 0
github.com/rotemreiss/maskproxy/main.go:123.2,124.12 2 0
github.com/rotemreiss/maskproxy/main.go:131.42,131.75 1 0
github.com/rotemreiss/maskproxy/main.go:132.46,133.32 1 0
github.com/rotemreiss/maskproxy/main.go:133.32,135.3 1 0
github.com/rotemreiss/maskproxy/main.go:136.2,137.12 2 0
github.com/rotemreiss/maskproxy/main.go:140.13,161.22 20 0
github.com/rotemreiss/maskproxy/main.go:161.22,161.54 1 0
github.com/rotemreiss/maskproxy/main.go:162.2,164.19 2 0
github.com/rotemreiss/maskproxy/main.go:164.19,169.3 4 0
github.com/rotemreiss/maskproxy/main.go:173.2,173.48 1 0
github.com/rotemreiss/maskproxy/main.go:173.48,177.3 3 0
github.com/rotemreiss/maskproxy/main.go:178.2,178.40 1 0
github.com/rotemreiss/maskproxy/main.go:178.40,181.3 2 0
github.com/rotemreiss/maskproxy/main.go:185.2,186.24 2 0
github.com/rotemreiss/maskproxy/main.go:186.24,188.17 2 0
github.com/rotemreiss/maskproxy/main.go:188.17,191.4 2 0
github.com/rotemreiss/maskproxy/main.go:192.3,192.43 1 0
github.com/rotemreiss/maskproxy/main.go:192.43,194.4 1 0
github.com/rotemreiss/maskproxy/main.go:194.9,194.28 1 0
github.com/rotemreiss/maskproxy/main.go:194.28,196.4 1 0
github.com/rotemreiss/maskproxy/main.go:199.2,200.16 2 0
github.com/rotemreiss/maskproxy/main.go:200.16,203.3 2 0
github.com/rotemreiss/maskproxy/main.go:207.2,208.16 2 0
github.com/rotemreiss/maskproxy/main.go:208.16,211.3 2 0
github.com/rotemreiss/maskproxy/main.go:214.2,215.16 2 0
github.com/rotemreiss/maskproxy/main.go:215.16,218.3 2 0
github.com/rotemreiss/maskproxy/main.go:220.2,221.16 2 0
github.com/rotemreiss/maskproxy/main.go:221.16,224.3 2 0
github.com/rotemreiss/maskproxy/main.go:225.2,228.15 3 0
github.com/rotemreiss/maskproxy/main.go:228.15,230.3 1 0
github.com/rotemreiss/maskproxy/main.go:232.2,239.20 7 0
github.com/rotemreiss/maskproxy/main.go:239.20,241.10 2 0
github.com/rotemreiss/maskproxy/main.go:241.10,243.4 1 0
github.com/rotemreiss/maskproxy/main.go:245.2,245.27 1 0
github.com/rotemreiss/maskproxy/main.go:245.27,246.34 1 0
github.com/rotemreiss/maskproxy/main.go:246.34,251.180 3 0
github.com/rotemreiss/maskproxy/main.go:251.180,253.5 1 0
github.com/rotemreiss/maskproxy/main.go:254.4,254.60 1 0
github.com/rotemreiss/maskproxy/main.go:257.2,257.30 1 0
github.com/rotemreiss/maskproxy/main.go:257.30,261.34 2 0
github.com/rotemreiss/maskproxy/main.go:261.34,262.33 1 0
github.com/rotemreiss/maskproxy/main.go:262.33,264.5 1 0
github.com/rotemreiss/maskproxy/main.go:264.10,266.5 1 0
github.com/rotemreiss/maskproxy/main.go:268.3,269.86 2 0
github.com/rotemreiss/maskproxy/main.go:271.2,271.18 1 0
github.com/rotemreiss/maskproxy/main.go:271.18,273.3 1 0
github.com/rotemreiss/maskproxy/main.go:273.8,275.22 2 0
github.com/rotemreiss/maskproxy/main.go:275.22,277.4 1 0
github.com/rotemreiss/maskproxy/main.go:277.9,279.4 1 0
github.com/rotemreiss/maskproxy/main.go:281.2,281.18 1 0
github.com/rotemreiss/maskproxy/main.go:281.18,283.3 1 0
github.com/rotemreiss/maskproxy/main.go:284.2,284.14 1 0
github.com/rotemreiss/maskproxy/main.go:284.14,286.3 1 0
github.com/rotemreiss/maskproxy/main.go:287.2,287.14 1 0
github.com/rotemreiss/maskproxy/main.go:287.14,289.3 1 0
github.com/rotemreiss/maskproxy/main.go:290.2,290.20 1 0
github.com/rotemreiss/maskproxy/main.go:290.20,292.3 1 0
github.com/rotemreiss/maskproxy/main.go:298.2,308.12 3 0
github.com/rotemreiss/maskproxy/main.go:308.12,309.77 1 0
github.com/rotemreiss/maskproxy/main.go:309.77,311.4 1 0
github.com/rotemreiss/maskproxy/main.go:312.3,312.19 1 0
github.com/rotemreiss/maskproxy/main.go:316.2,319.9 3 0
github.com/rotemreiss/maskproxy/main.go:320.26,321.17 1 0
github.com/rotemreiss/maskproxy/main.go:321.17,323.4 1 0
github.com/rotemreiss/maskproxy/main.go:324.21,328.43 4 0
github.com/rotemreiss/maskproxy/main.go:328.43,330.4 1 0
github.com/rotemreiss/maskproxy/main.go:330.9,332.4 1 0
github.com/rotemreiss/maskproxy/main.go:339.52,341.53 2 0
github.com/rotemreiss/maskproxy/main.go:341.53,343.3 1 0
github.com/rotemreiss/maskproxy/main.go:344.2,344.41 1 0
github.com/rotemreiss/maskproxy/main.go:356.55,358.24 2 9
github.com/rotemreiss/maskproxy/main.go:358.24,360.22 2 10
github.com/rotemreiss/maskproxy/main.go:360.22,362.4 1 1
github.com/rotemreiss/maskproxy/main.go:363.3,365.17 3 9
github.com/rotemreiss/maskproxy/main.go:365.17,367.4 1 1
github.com/rotemreiss/maskproxy/main.go:368.3,368.18 1 8
github.com/rotemreiss/maskproxy/main.go:368.18,370.4 1 1
github.com/rotemreiss/maskproxy/main.go:372.3,372.26 1 7
github.com/rotemreiss/maskproxy/main.go:372.26,373.75 1 64
github.com/rotemreiss/maskproxy/main.go:373.75,375.5 1 0
github.com/rotemreiss/maskproxy/main.go:378.3,378.41 1 7
github.com/rotemreiss/maskproxy/main.go:378.41,380.4 1 1
github.com/rotemreiss/maskproxy/main.go:381.3,382.28 2 6
github.com/rotemreiss/maskproxy/main.go:382.28,384.4 1 1
github.com/rotemreiss/maskproxy/main.go:385.3,385.62 1 5
github.com/rotemreiss/maskproxy/main.go:387.2,387.19 1 4
github.com/rotemreiss/maskproxy/main.go:405.62,406.19 1 11
github.com/rotemreiss/maskproxy/main.go:406.19,408.3 1 1
github.com/rotemreiss/maskproxy/main.go:409.2,410.28 2 10
github.com/rotemreiss/maskproxy/main.go:410.28,411.51 1 10
github.com/rotemreiss/maskproxy/main.go:411.51,413.18 2 12
github.com/rotemreiss/maskproxy/main.go:413.18,414.13 1 0
github.com/rotemreiss/maskproxy/main.go:417.4,417.37 1 12
github.com/rotemreiss/maskproxy/main.go:417.37,419.5 1 1
github.com/rotemreiss/maskproxy/main.go:420.4,420.39 1 11
github.com/rotemreiss/maskproxy/main.go:420.39,422.5 1 1
github.com/rotemreiss/maskproxy/main.go:425.4,425.37 1 10
github.com/rotemreiss/maskproxy/main.go:425.37,428.13 3 2
github.com/rotemreiss/maskproxy/main.go:431.4,431.56 1 8
github.com/rotemreiss/maskproxy/main.go:431.56,433.5 1 3
github.com/rotemreiss/maskproxy/main.go:434.4,434.40 1 8
github.com/rotemreiss/maskproxy/main.go:437.2,437.20 1 8
github.com/rotemreiss/maskproxy/main.go:452.51,454.16 2 2
github.com/rotemreiss/maskproxy/main.go:454.16,456.3 1 0
github.com/rotemreiss/maskproxy/main.go:457.2,462.21 5 2
github.com/rotemreiss/maskproxy/main.go:462.21,467.44 3 5
github.com/rotemreiss/maskproxy/main.go:467.44,469.4 1 2
github.com/rotemreiss/maskproxy/main.go:470.3,471.17 2 5
github.com/rotemreiss/maskproxy/main.go:471.17,472.12 1 2
github.com/rotemreiss/maskproxy/main.go:475.3,476.96 2 3
github.com/rotemreiss/maskproxy/main.go:476.96,478.4 1 1
github.com/rotemreiss/maskproxy/main.go:479.3,479.85 1 2
github.com/rotemreiss/maskproxy/main.go:481.2,481.38 1 1
github.com/rotemreiss/maskproxy/main.go:481.38,483.3 1 0
github.com/rotemreiss/maskproxy/main.go:484.2,484.38 1 1
github.com/rotemreiss/maskproxy/proxy.go:255.84,260.67 3 190
github.com/rotemreiss/maskproxy/proxy.go:260.67,263.22 1 13
github.com/rotemreiss/maskproxy/proxy.go:263.22,265.73 2 12
github.com/rotemreiss/maskproxy/proxy.go:265.73,267.5 1 8
github.com/rotemreiss/maskproxy/proxy.go:269.3,271.12 3 5
github.com/rotemreiss/maskproxy/proxy.go:275.2,278.39 2 190
github.com/rotemreiss/maskproxy/proxy.go:278.39,280.3 1 5
github.com/rotemreiss/maskproxy/proxy.go:281.2,281.15 1 190
github.com/rotemreiss/maskproxy/proxy.go:284.45,287.42 3 96
github.com/rotemreiss/maskproxy/proxy.go:287.42,288.36 1 422
github.com/rotemreiss/maskproxy/proxy.go:288.36,290.4 1 79
github.com/rotemreiss/maskproxy/proxy.go:292.2,292.14 1 17
github.com/rotemreiss/maskproxy/proxy.go:318.80,320.23 2 76
github.com/rotemreiss/maskproxy/proxy.go:320.23,322.3 1 64
github.com/rotemreiss/maskproxy/proxy.go:324.2,325.28 2 12
github.com/rotemreiss/maskproxy/proxy.go:325.28,330.20 2 15
github.com/rotemreiss/maskproxy/proxy.go:330.20,332.37 2 2
github.com/rotemreiss/maskproxy/proxy.go:332.37,334.5 1 1
github.com/rotemreiss/maskproxy/proxy.go:334.10,336.5 1 1
github.com/rotemreiss/maskproxy/proxy.go:338.3,338.20 1 15
github.com/rotemreiss/maskproxy/proxy.go:338.20,344.44 1 13
github.com/rotemreiss/maskproxy/proxy.go:344.44,347.5 1 1
github.com/rotemreiss/maskproxy/proxy.go:347.10,347.53 1 12
github.com/rotemreiss/maskproxy/proxy.go:347.53,349.5 1 1
github.com/rotemreiss/maskproxy/proxy.go:350.4,352.43 2 13
github.com/rotemreiss/maskproxy/proxy.go:352.43,354.5 1 2
github.com/rotemreiss/maskproxy/proxy.go:356.3,356.44 1 15
github.com/rotemreiss/maskproxy/proxy.go:392.44,394.47 1 114
github.com/rotemreiss/maskproxy/proxy.go:394.47,396.3 1 62
github.com/rotemreiss/maskproxy/proxy.go:398.2,398.30 1 114
github.com/rotemreiss/maskproxy/proxy.go:398.30,400.3 1 63
github.com/rotemreiss/maskproxy/proxy.go:401.2,402.21 2 51
github.com/rotemreiss/maskproxy/proxy.go:402.21,404.3 1 19
github.com/rotemreiss/maskproxy/proxy.go:405.2,412.62 3 32
github.com/rotemreiss/maskproxy/proxy.go:412.62,414.3 1 4
github.com/rotemreiss/maskproxy/proxy.go:415.2,415.18 1 28
github.com/rotemreiss/maskproxy/proxy.go:449.119,450.21 1 215
github.com/rotemreiss/maskproxy/proxy.go:450.21,452.3 1 91
github.com/rotemreiss/maskproxy/proxy.go:453.2,469.24 2 124
github.com/rotemreiss/maskproxy/proxy.go:469.24,470.69 1 50
github.com/rotemreiss/maskproxy/proxy.go:470.69,472.20 2 9
github.com/rotemreiss/maskproxy/proxy.go:472.20,474.5 1 0
github.com/rotemreiss/maskproxy/proxy.go:476.4,477.53 2 9
github.com/rotemreiss/maskproxy/proxy.go:477.53,479.5 1 9
github.com/rotemreiss/maskproxy/proxy.go:482.4,482.46 1 9
github.com/rotemreiss/maskproxy/proxy.go:482.46,484.5 1 3
github.com/rotemreiss/maskproxy/proxy.go:485.4,485.57 1 6
github.com/rotemreiss/maskproxy/proxy.go:493.2,495.68 3 124
github.com/rotemreiss/maskproxy/proxy.go:495.68,499.3 3 6
github.com/rotemreiss/maskproxy/proxy.go:502.2,514.25 6 124
github.com/rotemreiss/maskproxy/proxy.go:514.25,516.3 1 124
github.com/rotemreiss/maskproxy/proxy.go:520.2,520.50 1 124
github.com/rotemreiss/maskproxy/proxy.go:520.50,529.3 5 96
github.com/rotemreiss/maskproxy/proxy.go:532.2,532.28 1 124
github.com/rotemreiss/maskproxy/proxy.go:532.28,534.3 1 6
github.com/rotemreiss/maskproxy/proxy.go:536.2,536.10 1 124
github.com/rotemreiss/maskproxy/proxy.go:564.57,569.42 2 25
github.com/rotemreiss/maskproxy/proxy.go:569.42,570.80 1 25
github.com/rotemreiss/maskproxy/proxy.go:570.80,572.4 1 3
github.com/rotemreiss/maskproxy/proxy.go:573.3,573.20 1 22
github.com/rotemreiss/maskproxy/proxy.go:577.2,577.71 1 25
github.com/rotemreiss/maskproxy/proxy.go:577.71,579.19 2 17
github.com/rotemreiss/maskproxy/proxy.go:579.19,581.4 1 0
github.com/rotemreiss/maskproxy/proxy.go:582.3,582.38 1 17
github.com/rotemreiss/maskproxy/proxy.go:587.2,587.65 1 25
github.com/rotemreiss/maskproxy/proxy.go:587.65,589.19 2 3
github.com/rotemreiss/maskproxy/proxy.go:589.19,591.4 1 0
github.com/rotemreiss/maskproxy/proxy.go:593.3,594.33 2 3
github.com/rotemreiss/maskproxy/proxy.go:594.33,598.40 2 5
github.com/rotemreiss/maskproxy/proxy.go:598.40,599.13 1 1
github.com/rotemreiss/maskproxy/proxy.go:601.4,604.17 3 4
github.com/rotemreiss/maskproxy/proxy.go:604.17,606.5 1 1
github.com/rotemreiss/maskproxy/proxy.go:606.10,608.5 1 3
github.com/rotemreiss/maskproxy/proxy.go:610.3,610.45 1 3
github.com/rotemreiss/maskproxy/proxy.go:614.2,614.70 1 25
github.com/rotemreiss/maskproxy/proxy.go:614.70,616.19 2 3
github.com/rotemreiss/maskproxy/proxy.go:616.19,618.4 1 0
github.com/rotemreiss/maskproxy/proxy.go:619.3,619.38 1 3
github.com/rotemreiss/maskproxy/proxy.go:623.2,623.66 1 25
github.com/rotemreiss/maskproxy/proxy.go:623.66,625.19 2 1
github.com/rotemreiss/maskproxy/proxy.go:625.19,627.4 1 0
github.com/rotemreiss/maskproxy/proxy.go:628.3,628.38 1 1
github.com/rotemreiss/maskproxy/proxy.go:631.2,631.10 1 25
github.com/rotemreiss/maskproxy/proxy.go:652.71,653.34 1 32
github.com/rotemreiss/maskproxy/proxy.go:653.34,655.3 1 2
github.com/rotemreiss/maskproxy/proxy.go:656.2,675.33 6 30
github.com/rotemreiss/maskproxy/proxy.go:675.33,677.20 2 40
github.com/rotemreiss/maskproxy/proxy.go:677.20,678.12 1 1
github.com/rotemreiss/maskproxy/proxy.go:680.3,681.23 2 39
github.com/rotemreiss/maskproxy/proxy.go:681.23,682.12 1 0
github.com/rotemreiss/maskproxy/proxy.go:685.3,686.50 2 39
github.com/rotemreiss/maskproxy/proxy.go:686.50,687.12 1 3
github.com/rotemreiss/maskproxy/proxy.go:693.3,694.43 1 36
github.com/rotemreiss/maskproxy/proxy.go:694.43,695.12 1 1
github.com/rotemreiss/maskproxy/proxy.go:698.3,701.34 4 35
github.com/rotemreiss/maskproxy/proxy.go:701.34,710.44 2 53
github.com/rotemreiss/maskproxy/proxy.go:710.44,712.13 2 10
github.com/rotemreiss/maskproxy/proxy.go:714.4,714.90 1 43
github.com/rotemreiss/maskproxy/proxy.go:724.3,724.14 1 35
github.com/rotemreiss/maskproxy/proxy.go:724.14,726.36 2 8
github.com/rotemreiss/maskproxy/proxy.go:726.36,727.49 1 9
github.com/rotemreiss/maskproxy/proxy.go:727.49,728.14 1 2
github.com/rotemreiss/maskproxy/proxy.go:730.5,730.35 1 7
github.com/rotemreiss/maskproxy/proxy.go:732.4,735.36 3 8
github.com/rotemreiss/maskproxy/proxy.go:735.36,736.48 1 7
github.com/rotemreiss/maskproxy/proxy.go:736.48,738.11 2 2
github.com/rotemreiss/maskproxy/proxy.go:741.4,741.22 1 8
github.com/rotemreiss/maskproxy/proxy.go:741.22,743.5 1 6
github.com/rotemreiss/maskproxy/proxy.go:745.3,745.50 1 35
github.com/rotemreiss/maskproxy/proxy.go:747.2,747.32 1 30
github.com/rotemreiss/maskproxy/proxy.go:752.78,754.35 1 43
github.com/rotemreiss/maskproxy/proxy.go:754.35,756.3 1 24
github.com/rotemreiss/maskproxy/proxy.go:758.2,763.71 4 19
github.com/rotemreiss/maskproxy/proxy.go:763.71,764.33 1 41
github.com/rotemreiss/maskproxy/proxy.go:764.33,767.9 3 14
github.com/rotemreiss/maskproxy/proxy.go:772.2,777.43 3 19
github.com/rotemreiss/maskproxy/proxy.go:777.43,779.3 1 2
github.com/rotemreiss/maskproxy/proxy.go:782.2,783.51 2 19
github.com/rotemreiss/maskproxy/proxy.go:783.51,785.3 1 4
github.com/rotemreiss/maskproxy/proxy.go:788.2,793.15 2 19
github.com/rotemreiss/maskproxy/proxy.go:793.15,795.3 1 1
github.com/rotemreiss/maskproxy/proxy.go:798.2,798.16 1 18
github.com/rotemreiss/maskproxy/proxy.go:799.25,800.29 1 3
github.com/rotemreiss/maskproxy/proxy.go:801.33,802.19 1 15
github.com/rotemreiss/maskproxy/proxy.go:802.19,804.4 1 5
github.com/rotemreiss/maskproxy/proxy.go:805.3,805.31 1 10
github.com/rotemreiss/maskproxy/proxy.go:806.10,807.31 1 0
github.com/rotemreiss/maskproxy/proxy.go:825.59,826.17 1 81
github.com/rotemreiss/maskproxy/proxy.go:826.17,828.3 1 63
github.com/rotemreiss/maskproxy/proxy.go:829.2,830.19 2 18
github.com/rotemreiss/maskproxy/proxy.go:830.19,831.32 1 46
github.com/rotemreiss/maskproxy/proxy.go:831.32,833.4 1 14
github.com/rotemreiss/maskproxy/proxy.go:833.9,835.4 1 32
github.com/rotemreiss/maskproxy/proxy.go:837.2,837.10 1 18
github.com/rotemreiss/maskproxy/proxy.go:842.53,843.14 1 174
github.com/rotemreiss/maskproxy/proxy.go:843.14,845.3 1 149
github.com/rotemreiss/maskproxy/proxy.go:847.2,847.54 1 25
github.com/rotemreiss/maskproxy/proxy.go:847.54,849.3 1 12
github.com/rotemreiss/maskproxy/proxy.go:850.2,851.19 2 25
github.com/rotemreiss/maskproxy/proxy.go:851.19,853.3 1 12
github.com/rotemreiss/maskproxy/proxy.go:855.2,855.37 1 13
github.com/rotemreiss/maskproxy/proxy.go:855.37,856.38 1 10
github.com/rotemreiss/maskproxy/proxy.go:856.38,858.4 1 3
github.com/rotemreiss/maskproxy/proxy.go:860.2,860.14 1 10
github.com/rotemreiss/maskproxy/proxy.go:865.68,867.2 1 14
github.com/rotemreiss/maskproxy/proxy.go:880.74,881.21 1 156
github.com/rotemreiss/maskproxy/proxy.go:881.21,883.3 1 80
github.com/rotemreiss/maskproxy/proxy.go:887.2,888.6 2 76
github.com/rotemreiss/maskproxy/proxy.go:888.6,890.14 2 80
github.com/rotemreiss/maskproxy/proxy.go:890.14,891.9 1 76
github.com/rotemreiss/maskproxy/proxy.go:893.3,896.51 3 4
github.com/rotemreiss/maskproxy/proxy.go:896.51,902.4 3 1
github.com/rotemreiss/maskproxy/proxy.go:902.9,907.4 3 3
github.com/rotemreiss/maskproxy/proxy.go:908.3,908.20 1 4
github.com/rotemreiss/maskproxy/proxy.go:908.20,909.9 1 0
github.com/rotemreiss/maskproxy/proxy.go:912.2,919.10 5 76
github.com/rotemreiss/maskproxy/proxy.go:926.46,928.24 2 11
github.com/rotemreiss/maskproxy/proxy.go:928.24,930.3 1 5
github.com/rotemreiss/maskproxy/proxy.go:931.2,932.29 2 6
github.com/rotemreiss/maskproxy/proxy.go:932.29,935.27 3 7
github.com/rotemreiss/maskproxy/proxy.go:935.27,936.67 1 9
github.com/rotemreiss/maskproxy/proxy.go:936.67,938.5 1 3
github.com/rotemreiss/maskproxy/proxy.go:940.3,940.20 1 7
github.com/rotemreiss/maskproxy/proxy.go:940.20,942.4 1 3
github.com/rotemreiss/maskproxy/proxy.go:944.2,944.19 1 6
github.com/rotemreiss/maskproxy/proxy.go:944.19,946.3 1 3
github.com/rotemreiss/maskproxy/proxy.go:946.8,948.3 1 3
github.com/rotemreiss/maskproxy/proxy.go:961.83,962.75 1 61
github.com/rotemreiss/maskproxy/proxy.go:962.75,974.3 2 2
github.com/rotemreiss/maskproxy/proxy.go:975.2,975.28 1 59
github.com/rotemreiss/maskproxy/proxy.go:996.83,998.83 2 2
github.com/rotemreiss/maskproxy/proxy.go:998.83,1000.3 1 1
github.com/rotemreiss/maskproxy/proxy.go:1001.2,1002.9 2 1
github.com/rotemreiss/maskproxy/proxy.go:1002.9,1005.3 1 0
github.com/rotemreiss/maskproxy/proxy.go:1006.2,1009.18 4 1
github.com/rotemreiss/maskproxy/proxy.go:1036.86,1038.22 2 11
github.com/rotemreiss/maskproxy/proxy.go:1038.22,1040.23 1 30
github.com/rotemreiss/maskproxy/proxy.go:1040.23,1043.27 3 8
github.com/rotemreiss/maskproxy/proxy.go:1043.27,1045.5 1 1
github.com/rotemreiss/maskproxy/proxy.go:1046.4,1048.12 3 8
github.com/rotemreiss/maskproxy/proxy.go:1052.3,1056.22 4 22
github.com/rotemreiss/maskproxy/proxy.go:1057.10,1058.14 1 8
github.com/rotemreiss/maskproxy/proxy.go:1059.10,1064.19 4 8
github.com/rotemreiss/maskproxy/proxy.go:1065.13,1066.16 1 1
github.com/rotemreiss/maskproxy/proxy.go:1067.13,1068.16 1 0
github.com/rotemreiss/maskproxy/proxy.go:1070.4,1070.14 1 8
github.com/rotemreiss/maskproxy/proxy.go:1070.14,1072.5 1 1
github.com/rotemreiss/maskproxy/proxy.go:1075.3,1075.27 1 22
github.com/rotemreiss/maskproxy/proxy.go:1075.27,1076.12 1 14
github.com/rotemreiss/maskproxy/proxy.go:1080.3,1080.33 1 8
github.com/rotemreiss/maskproxy/proxy.go:1086.80,1093.17 6 8
github.com/rotemreiss/maskproxy/proxy.go:1094.11,1095.60 1 1
github.com/rotemreiss/maskproxy/proxy.go:1096.11,1100.48 1 0
github.com/rotemreiss/maskproxy/proxy.go:1101.10,1102.31 1 7
github.com/rotemreiss/maskproxy/proxy.go:1104.2,1110.61 4 8
github.com/rotemreiss/maskproxy/proxy.go:1129.53,1131.11 2 0
github.com/rotemreiss/maskproxy/proxy.go:1131.11,1133.3 1 0
github.com/rotemreiss/maskproxy/proxy.go:1134.2,1134.15 1 0
github.com/rotemreiss/maskproxy/proxy.go:1138.54,1140.11 2 0
github.com/rotemreiss/maskproxy/proxy.go:1140.11,1142.3 1 0
github.com/rotemreiss/maskproxy/proxy.go:1143.2,1143.15 1 0
github.com/rotemreiss/maskproxy/proxy.go:1147.39,1147.63 1 0
github.com/rotemreiss/maskproxy/proxy.go:1171.262,1172.23 1 67
github.com/rotemreiss/maskproxy/proxy.go:1172.23,1174.3 1 66
github.com/rotemreiss/maskproxy/proxy.go:1177.2,1201.37 5 67
github.com/rotemreiss/maskproxy/proxy.go:1201.37,1209.3 1 10
github.com/rotemreiss/maskproxy/proxy.go:1217.2,1218.21 2 67
github.com/rotemreiss/maskproxy/proxy.go:1218.21,1224.3 1 36
github.com/rotemreiss/maskproxy/proxy.go:1230.2,1231.25 2 67
github.com/rotemreiss/maskproxy/proxy.go:1231.25,1240.3 3 1
github.com/rotemreiss/maskproxy/proxy.go:1241.2,1241.14 1 67
github.com/rotemreiss/maskproxy/proxy.go:1241.14,1244.3 2 0
github.com/rotemreiss/maskproxy/proxy.go:1250.2,1251.18 2 67
github.com/rotemreiss/maskproxy/proxy.go:1251.18,1253.3 1 0
github.com/rotemreiss/maskproxy/proxy.go:1256.2,1263.38 3 67
github.com/rotemreiss/maskproxy/proxy.go:1263.38,1270.23 2 67
github.com/rotemreiss/maskproxy/proxy.go:1270.23,1272.4 1 0
github.com/rotemreiss/maskproxy/proxy.go:1273.3,1273.23 1 67
github.com/rotemreiss/maskproxy/proxy.go:1273.23,1275.4 1 67
github.com/rotemreiss/maskproxy/proxy.go:1277.3,1291.55 5 67
github.com/rotemreiss/maskproxy/proxy.go:1291.55,1293.45 2 7
github.com/rotemreiss/maskproxy/proxy.go:1293.45,1295.5 1 7
github.com/rotemreiss/maskproxy/proxy.go:1295.10,1297.5 1 0
github.com/rotemreiss/maskproxy/proxy.go:1299.3,1299.63 1 67
github.com/rotemreiss/maskproxy/proxy.go:1299.63,1301.29 2 26
github.com/rotemreiss/maskproxy/proxy.go:1301.29,1303.5 1 0
github.com/rotemreiss/maskproxy/proxy.go:1304.4,1304.30 1 26
github.com/rotemreiss/maskproxy/proxy.go:1304.30,1306.5 1 1
github.com/rotemreiss/maskproxy/proxy.go:1319.3,1319.55 1 67
github.com/rotemreiss/maskproxy/proxy.go:1319.55,1323.45 4 7
github.com/rotemreiss/maskproxy/proxy.go:1323.45,1326.5 2 7
github.com/rotemreiss/maskproxy/proxy.go:1337.4,1339.43 3 7
github.com/rotemreiss/maskproxy/proxy.go:1339.43,1340.25 1 7
github.com/rotemreiss/maskproxy/proxy.go:1340.25,1341.54 1 102
github.com/rotemreiss/maskproxy/proxy.go:1341.54,1343.7 1 1
github.com/rotemreiss/maskproxy/proxy.go:1345.5,1345.17 1 6
github.com/rotemreiss/maskproxy/proxy.go:1347.4,1349.23 2 7
github.com/rotemreiss/maskproxy/proxy.go:1349.23,1357.5 4 2
github.com/rotemreiss/maskproxy/proxy.go:1357.10,1363.5 4 5
github.com/rotemreiss/maskproxy/proxy.go:1378.3,1379.38 2 67
github.com/rotemreiss/maskproxy/proxy.go:1379.38,1380.38 1 64
github.com/rotemreiss/maskproxy/proxy.go:1380.38,1381.28 1 146
github.com/rotemreiss/maskproxy/proxy.go:1381.28,1382.24 1 146
github.com/rotemreiss/maskproxy/proxy.go:1382.24,1384.7 1 59
github.com/rotemreiss/maskproxy/proxy.go:1385.6,1386.28 2 146
github.com/rotemreiss/maskproxy/proxy.go:1393.3,1393.22 1 67
github.com/rotemreiss/maskproxy/proxy.go:1393.22,1402.18 4 3
github.com/rotemreiss/maskproxy/proxy.go:1402.18,1403.54 1 3
github.com/rotemreiss/maskproxy/proxy.go:1403.54,1411.6 3 2
github.com/rotemreiss/maskproxy/proxy.go:1411.11,1415.41 4 1
github.com/rotemreiss/maskproxy/proxy.go:1415.41,1416.25 1 1
github.com/rotemreiss/maskproxy/proxy.go:1416.25,1418.8 1 1
github.com/rotemreiss/maskproxy/proxy.go:1419.7,1419.82 1 1
github.com/rotemreiss/maskproxy/proxy.go:1421.6,1424.32 4 1
github.com/rotemreiss/maskproxy/proxy.go:1426.10,1430.5 2 0
github.com/rotemreiss/maskproxy/proxy.go:1431.9,1439.4 3 64
github.com/rotemreiss/maskproxy/proxy.go:1446.3,1446.34 1 67
github.com/rotemreiss/maskproxy/proxy.go:1446.34,1448.4 1 6
github.com/rotemreiss/maskproxy/proxy.go:1454.3,1488.29 14 67
github.com/rotemreiss/maskproxy/proxy.go:1491.2,1491.52 1 67
github.com/rotemreiss/maskproxy/proxy.go:1491.52,1495.56 2 66
github.com/rotemreiss/maskproxy/proxy.go:1495.56,1497.4 1 0
github.com/rotemreiss/maskproxy/proxy.go:1501.3,1501.85 1 66
github.com/rotemreiss/maskproxy/proxy.go:1501.85,1504.4 2 2
github.com/rotemreiss/maskproxy/proxy.go:1518.3,1519.94 2 64
github.com/rotemreiss/maskproxy/proxy.go:1519.94,1522.61 3 64
github.com/rotemreiss/maskproxy/proxy.go:1522.61,1524.5 1 1
github.com/rotemreiss/maskproxy/proxy.go:1535.3,1535.26 1 64
github.com/rotemreiss/maskproxy/proxy.go:1536.36,1538.29 2 1
github.com/rotemreiss/maskproxy/proxy.go:1539.37,1541.42 2 1
github.com/rotemreiss/maskproxy/proxy.go:1552.3,1553.82 2 64
github.com/rotemreiss/maskproxy/proxy.go:1553.82,1555.4 1 5
github.com/rotemreiss/maskproxy/proxy.go:1556.3,1562.33 2 64
github.com/rotemreiss/maskproxy/proxy.go:1562.33,1564.4 1 1344
github.com/rotemreiss/maskproxy/proxy.go:1570.3,1570.46 1 64
github.com/rotemreiss/maskproxy/proxy.go:1570.46,1573.4 2 3
github.com/rotemreiss/maskproxy/proxy.go:1579.3,1579.101 1 61
github.com/rotemreiss/maskproxy/proxy.go:1579.101,1580.42 1 122
github.com/rotemreiss/maskproxy/proxy.go:1580.42,1582.5 1 3
github.com/rotemreiss/maskproxy/proxy.go:1592.3,1593.82 2 61
github.com/rotemreiss/maskproxy/proxy.go:1593.82,1595.4 1 5
github.com/rotemreiss/maskproxy/proxy.go:1596.3,1596.38 1 61
github.com/rotemreiss/maskproxy/proxy.go:1596.38,1597.31 1 199
github.com/rotemreiss/maskproxy/proxy.go:1597.31,1598.13 1 67
github.com/rotemreiss/maskproxy/proxy.go:1600.4,1600.27 1 132
github.com/rotemreiss/maskproxy/proxy.go:1600.27,1602.27 2 132
github.com/rotemreiss/maskproxy/proxy.go:1602.27,1603.16 1 11
github.com/rotemreiss/maskproxy/proxy.go:1604.41,1606.108 1 1
github.com/rotemreiss/maskproxy/proxy.go:1606.108,1608.7 1 1
github.com/rotemreiss/maskproxy/proxy.go:1609.20,1611.68 1 1
github.com/rotemreiss/maskproxy/proxy.go:1611.68,1613.127 2 1
github.com/rotemreiss/maskproxy/proxy.go:1613.127,1615.8 1 1
github.com/rotemreiss/maskproxy/proxy.go:1617.17,1620.69 1 1
github.com/rotemreiss/maskproxy/proxy.go:1620.69,1622.23 2 2
github.com/rotemreiss/maskproxy/proxy.go:1622.23,1624.8 1 0
github.com/rotemreiss/maskproxy/proxy.go:1625.7,1626.84 2 2
github.com/rotemreiss/maskproxy/proxy.go:1626.84,1628.8 1 0
github.com/rotemreiss/maskproxy/proxy.go:1629.7,1629.64 1 2
github.com/rotemreiss/maskproxy/proxy.go:1635.4,1635.21 1 132
github.com/rotemreiss/maskproxy/proxy.go:1635.21,1637.5 1 2
github.com/rotemreiss/maskproxy/proxy.go:1638.5,1639.28 2 132
github.com/rotemreiss/maskproxy/proxy.go:1646.3,1647.34 2 61
github.com/rotemreiss/maskproxy/proxy.go:1647.34,1651.4 2 5
github.com/rotemreiss/maskproxy/proxy.go:1657.3,1660.13 2 56
github.com/rotemreiss/maskproxy/proxy.go:1660.13,1663.4 2 1
github.com/rotemreiss/maskproxy/proxy.go:1672.3,1672.121 1 55
github.com/rotemreiss/maskproxy/proxy.go:1672.121,1675.4 2 1
github.com/rotemreiss/maskproxy/proxy.go:1680.3,1687.60 6 54
github.com/rotemreiss/maskproxy/proxy.go:1687.60,1692.4 3 1
github.com/rotemreiss/maskproxy/proxy.go:1693.3,1693.13 1 53
github.com/rotemreiss/maskproxy/proxy.go:1693.13,1695.18 2 2
github.com/rotemreiss/maskproxy/proxy.go:1695.18,1699.5 3 0
github.com/rotemreiss/maskproxy/proxy.go:1700.4,1706.41 4 2
github.com/rotemreiss/maskproxy/proxy.go:1708.3,1708.16 1 53
github.com/rotemreiss/maskproxy/proxy.go:1708.16,1722.18 3 3
github.com/rotemreiss/maskproxy/proxy.go:1722.18,1724.5 1 0
github.com/rotemreiss/maskproxy/proxy.go:1725.4,1726.67 2 3
github.com/rotemreiss/maskproxy/proxy.go:1726.67,1728.5 1 2
github.com/rotemreiss/maskproxy/proxy.go:1728.10,1731.5 2 1
github.com/rotemreiss/maskproxy/proxy.go:1732.4,1732.18 1 3
github.com/rotemreiss/maskproxy/proxy.go:1732.18,1737.5 4 0
github.com/rotemreiss/maskproxy/proxy.go:1738.4,1741.41 4 3
github.com/rotemreiss/maskproxy/proxy.go:1744.3,1745.17 2 53
github.com/rotemreiss/maskproxy/proxy.go:1745.17,1747.4 1 0
github.com/rotemreiss/maskproxy/proxy.go:1753.3,1753.37 1 53
github.com/rotemreiss/maskproxy/proxy.go:1753.37,1756.11 3 2
github.com/rotemreiss/maskproxy/proxy.go:1757.19,1759.65 2 1
github.com/rotemreiss/maskproxy/proxy.go:1760.16,1761.51 1 0
github.com/rotemreiss/maskproxy/proxy.go:1762.12,1763.78 1 1
github.com/rotemreiss/maskproxy/proxy.go:1765.4,1765.14 1 2
github.com/rotemreiss/maskproxy/proxy.go:1767.3,1796.97 3 51
github.com/rotemreiss/maskproxy/proxy.go:1796.97,1798.4 1 3
github.com/rotemreiss/maskproxy/proxy.go:1808.3,1808.50 1 51
github.com/rotemreiss/maskproxy/proxy.go:1808.50,1810.4 1 24
github.com/rotemreiss/maskproxy/proxy.go:1812.3,1813.104 2 51
github.com/rotemreiss/maskproxy/proxy.go:1813.104,1818.4 4 51
github.com/rotemreiss/maskproxy/proxy.go:1820.3,1832.13 6 51
github.com/rotemreiss/maskproxy/proxy.go:1835.2,1835.74 1 67
github.com/rotemreiss/maskproxy/proxy.go:1835.74,1840.3 3 1
github.com/rotemreiss/maskproxy/proxy.go:1842.2,1856.3 1 67
github.com/rotemreiss/maskproxy/replacer.go:48.72,50.16 2 89
github.com/rotemreiss/maskproxy/replacer.go:50.16,52.3 1 41
github.com/rotemreiss/maskproxy/replacer.go:54.2,54.48 1 48
github.com/rotemreiss/maskproxy/replacer.go:54.48,56.17 2 66
github.com/rotemreiss/maskproxy/replacer.go:56.17,57.12 1 0
github.com/rotemreiss/maskproxy/replacer.go:59.3,60.49 2 66
github.com/rotemreiss/maskproxy/replacer.go:60.49,62.4 1 1
github.com/rotemreiss/maskproxy/replacer.go:63.3,65.43 3 65
github.com/rotemreiss/maskproxy/replacer.go:69.2,69.47 1 47
github.com/rotemreiss/maskproxy/replacer.go:69.47,71.3 1 18
github.com/rotemreiss/maskproxy/replacer.go:74.2,74.48 1 47
github.com/rotemreiss/maskproxy/replacer.go:74.48,76.3 1 19
github.com/rotemreiss/maskproxy/replacer.go:83.2,83.27 1 47
github.com/rotemreiss/maskproxy/replacer.go:83.27,86.34 3 47
github.com/rotemreiss/maskproxy/replacer.go:86.34,88.23 2 65
github.com/rotemreiss/maskproxy/replacer.go:88.23,90.5 1 10
github.com/rotemreiss/maskproxy/replacer.go:91.4,91.33 1 65
github.com/rotemreiss/maskproxy/replacer.go:94.2,94.28 1 47
github.com/rotemreiss/maskproxy/replacer.go:94.28,97.35 3 47
github.com/rotemreiss/maskproxy/replacer.go:97.35,99.23 2 65
github.com/rotemreiss/maskproxy/replacer.go:99.23,101.5 1 10
github.com/rotemreiss/maskproxy/replacer.go:102.4,102.31 1 65
github.com/rotemreiss/maskproxy/replacer.go:106.2,106.15 1 47
github.com/rotemreiss/maskproxy/replacer.go:111.83,113.26 2 94
github.com/rotemreiss/maskproxy/replacer.go:113.26,114.23 1 130
github.com/rotemreiss/maskproxy/replacer.go:114.23,116.4 1 65
github.com/rotemreiss/maskproxy/replacer.go:116.9,118.4 1 65
github.com/rotemreiss/maskproxy/replacer.go:120.2,121.21 2 94
github.com/rotemreiss/maskproxy/replacer.go:121.21,123.3 1 16
github.com/rotemreiss/maskproxy/replacer.go:124.2,124.76 1 94
github.com/rotemreiss/maskproxy/replacer.go:129.48,130.20 1 101
github.com/rotemreiss/maskproxy/replacer.go:130.20,132.3 1 2
github.com/rotemreiss/maskproxy/replacer.go:133.2,133.63 1 99
github.com/rotemreiss/maskproxy/replacer.go:133.63,135.24 2 18
github.com/rotemreiss/maskproxy/replacer.go:135.24,137.4 1 9
github.com/rotemreiss/maskproxy/replacer.go:138.3,138.36 1 18
github.com/rotemreiss/maskproxy/replacer.go:138.36,140.4 1 18
github.com/rotemreiss/maskproxy/replacer.go:141.3,141.11 1 0
github.com/rotemreiss/maskproxy/replacer.go:147.45,148.21 1 160
github.com/rotemreiss/maskproxy/replacer.go:148.21,150.3 1 81
github.com/rotemreiss/maskproxy/replacer.go:151.2,151.64 1 79
github.com/rotemreiss/maskproxy/replacer.go:151.64,153.24 2 30
github.com/rotemreiss/maskproxy/replacer.go:153.24,155.4 1 13
github.com/rotemreiss/maskproxy/replacer.go:156.3,156.37 1 30
github.com/rotemreiss/maskproxy/replacer.go:156.37,158.4 1 30
github.com/rotemreiss/maskproxy/replacer.go:159.3,159.11 1 0
github.com/rotemreiss/maskproxy/replacer.go:164.36,166.2 1 215
github.com/rotemreiss/maskproxy/replacer.go:169.59,171.20 2 4
github.com/rotemreiss/maskproxy/replacer.go:171.20,173.3 1 1
github.com/rotemreiss/maskproxy/replacer.go:174.2,174.66 1 3
github.com/rotemreiss/maskproxy/replacer.go:174.66,176.24 2 7
github.com/rotemreiss/maskproxy/replacer.go:176.24,178.4 1 0
github.com/rotemreiss/maskproxy/replacer.go:179.3,179.36 1 7
github.com/rotemreiss/maskproxy/replacer.go:179.36,182.4 2 7
github.com/rotemreiss/maskproxy/replacer.go:183.3,183.11 1 0
github.com/rotemreiss/maskproxy/replacer.go:185.2,185.22 1 3
github.com/rotemreiss/maskproxy/replacer.go:189.56,191.21 2 55
github.com/rotemreiss/maskproxy/replacer.go:191.21,193.3 1 33
github.com/rotemreiss/maskproxy/replacer.go:194.2,194.67 1 22
github.com/rotemreiss/maskproxy/replacer.go:194.67,196.24 2 36
github.com/rotemreiss/maskproxy/replacer.go:196.24,198.4 1 6
github.com/rotemreiss/maskproxy/replacer.go:199.3,199.37 1 36
github.com/rotemreiss/maskproxy/replacer.go:199.37,202.4 2 36
github.com/rotemreiss/maskproxy/replacer.go:203.3,203.11 1 0
github.com/rotemreiss/maskproxy/replacer.go:205.2,205.22 1 22
