mode: atomic
github.com/rotemreiss/maskproxy/logger.go:43.83,46.18 2 0
github.com/rotemreiss/maskproxy/logger.go:46.19,46.20 0 0
github.com/rotemreiss/maskproxy/logger.go:47.1,47.18 1 0
github.com/rotemreiss/maskproxy/logger.go:47.18,49.15 2 0
github.com/rotemreiss/maskproxy/logger.go:49.15,51.2 1 0
github.com/rotemreiss/maskproxy/logger.go:52.1,53.17 2 0
github.com/rotemreiss/maskproxy/logger.go:53.17,53.30 1 0
github.com/rotemreiss/maskproxy/logger.go:56.1,57.66 2 0
github.com/rotemreiss/maskproxy/logger.go:62.33,64.2 1 66
github.com/rotemreiss/maskproxy/logger.go:67.54,69.2 1 7
github.com/rotemreiss/maskproxy/logger.go:72.53,74.2 1 0
github.com/rotemreiss/maskproxy/logger.go:77.56,78.15 1 0
github.com/rotemreiss/maskproxy/logger.go:78.15,80.2 1 0
github.com/rotemreiss/maskproxy/logger.go:93.109,97.9 3 66
github.com/rotemreiss/maskproxy/logger.go:97.9,99.2 1 0
github.com/rotemreiss/maskproxy/logger.go:102.1,103.21 2 66
github.com/rotemreiss/maskproxy/logger.go:103.21,105.2 1 1
github.com/rotemreiss/maskproxy/logger.go:106.1,108.16 2 66
github.com/rotemreiss/maskproxy/logger.go:108.16,110.2 1 66
github.com/rotemreiss/maskproxy/logger.go:115.1,117.44 3 0
github.com/rotemreiss/maskproxy/logger.go:117.44,118.26 1 0
github.com/rotemreiss/maskproxy/logger.go:118.26,120.9 2 0
github.com/rotemreiss/maskproxy/logger.go:122.1,122.35 1 0
github.com/rotemreiss/maskproxy/logger.go:122.35,124.2 1 0
github.com/rotemreiss/maskproxy/logger.go:126.1,129.13 3 0
github.com/rotemreiss/maskproxy/logger.go:138.108,142.13 3 65
github.com/rotemreiss/maskproxy/logger.go:142.13,144.2 1 3
github.com/rotemreiss/maskproxy/logger.go:146.1,147.21 2 65
github.com/rotemreiss/maskproxy/logger.go:147.21,149.2 1 13
github.com/rotemreiss/maskproxy/logger.go:150.1,153.16 2 65
github.com/rotemreiss/maskproxy/logger.go:153.16,155.2 1 65
github.com/rotemreiss/maskproxy/logger.go:157.1,159.45 3 0
github.com/rotemreiss/maskproxy/logger.go:159.45,160.26 1 0
github.com/rotemreiss/maskproxy/logger.go:160.26,162.9 2 0
github.com/rotemreiss/maskproxy/logger.go:164.1,164.36 1 0
github.com/rotemreiss/maskproxy/logger.go:164.36,166.2 1 0
github.com/rotemreiss/maskproxy/logger.go:168.1,169.49 2 0
github.com/rotemreiss/maskproxy/logger.go:173.42,174.15 1 0
github.com/rotemreiss/maskproxy/logger.go:174.15,176.2 1 0
github.com/rotemreiss/maskproxy/logger.go:177.1,180.14 4 0
github.com/rotemreiss/maskproxy/logger.go:180.14,182.2 1 0
github.com/rotemreiss/maskproxy/logger.go:183.1,184.14 2 0
github.com/rotemreiss/maskproxy/logger.go:184.14,186.2 1 0
github.com/rotemreiss/maskproxy/logger.go:186.7,188.2 1 0
github.com/rotemreiss/maskproxy/logger.go:189.1,189.51 1 0
github.com/rotemreiss/maskproxy/logger.go:189.51,193.2 3 0
github.com/rotemreiss/maskproxy/logger.go:194.1,194.14 1 0
github.com/rotemreiss/maskproxy/logger.go:194.14,196.2 1 0
github.com/rotemreiss/maskproxy/logger.go:197.1,197.19 1 0
github.com/rotemreiss/maskproxy/logger.go:201.41,203.18 2 0
github.com/rotemreiss/maskproxy/logger.go:203.18,205.2 1 0
github.com/rotemreiss/maskproxy/logger.go:206.1,207.12 2 0
github.com/rotemreiss/maskproxy/logger.go:211.33,213.13 2 65
github.com/rotemreiss/maskproxy/logger.go:213.13,215.2 1 65
github.com/rotemreiss/maskproxy/logger.go:216.1,217.41 2 0
github.com/rotemreiss/maskproxy/logger.go:217.41,220.2 2 0
github.com/rotemreiss/maskproxy/logger.go:221.1,221.71 1 0
github.com/rotemreiss/maskproxy/logger.go:238.107,239.14 1 9
github.com/rotemreiss/maskproxy/logger.go:239.14,241.2 1 1
github.com/rotemreiss/maskproxy/logger.go:242.1,243.15 2 8
github.com/rotemreiss/maskproxy/logger.go:243.15,245.2 1 0
github.com/rotemreiss/maskproxy/logger.go:246.1,247.9 2 8
github.com/rotemreiss/maskproxy/logger.go:247.9,249.2 1 1
github.com/rotemreiss/maskproxy/logger.go:250.1,250.11 1 8
github.com/rotemreiss/maskproxy/logger.go:250.11,252.2 1 1
github.com/rotemreiss/maskproxy/logger.go:253.1,253.93 1 8
github.com/rotemreiss/maskproxy/main.go:118.38,118.71 1 0
github.com/rotemreiss/maskproxy/main.go:119.42,120.32 1 0
github.com/rotemreiss/maskproxy/main.go:120.32,122.3 1 0
github.com/rotemreiss/maskproxy/main.go:123.2,124.12 2 0
github.com/rotemreiss/maskproxy/main.go:131.42,131.75 1 0
github.com/rotemreiss/maskproxy/main.go:132.46,133.32 1 0
github.com/rotemreiss/maskproxy/main.go:133.32,135.3 1 0
github.com/rotemreiss/maskproxy/main.go:136.2,137.12 2 0
github.com/rotemreiss/maskproxy/main.go:140.13,161.22 20 0
github.com/rotemreiss/maskproxy/main.go:161.22,161.54 1 0
github.com/rotemreiss/maskproxy/main.go:162.2,164.19 2 0
github.com/rotemreiss/maskproxy/main.go:164.19,169.3 4 0
github.com/rotemreiss/maskproxy/main.go:173.2,173.48 1 0
github.com/rotemreiss/maskproxy/main.go:173.48,177.3 3 0
github.com/rotemreiss/maskproxy/main.go:178.2,178.40 1 0
github.com/rotemreiss/maskproxy/main.go:178.40,181.3 2 0
github.com/rotemreiss/maskproxy/main.go:185.2,186.24 2 0
github.com/rotemreiss/maskproxy/main.go:186.24,188.17 2 0
github.com/rotemreiss/maskproxy/main.go:188.17,191.4 2 0
github.com/rotemreiss/maskproxy/main.go:192.3,192.43 1 0
github.com/rotemreiss/maskproxy/main.go:192.43,194.4 1 0
github.com/rotemreiss/maskproxy/main.go:194.9,194.28 1 0
github.com/rotemreiss/maskproxy/main.go:194.28,196.4 1 0
github.com/rotemreiss/maskproxy/main.go:199.2,200.16 2 0
github.com/rotemreiss/maskproxy/main.go:200.16,203.3 2 0
github.com/rotemreiss/maskproxy/main.go:207.2,208.16 2 0
github.com/rotemreiss/maskproxy/main.go:208.16,211.3 2 0
github.com/rotemreiss/maskproxy/main.go:214.2,215.16 2 0
github.com/rotemreiss/maskproxy/main.go:215.16,218.3 2 0
github.com/rotemreiss/maskproxy/main.go:220.2,221.16 2 0
github.com/rotemreiss/maskproxy/main.go:221.16,224.3 2 0
github.com/rotemreiss/maskproxy/main.go:225.2,228.15 3 0
github.com/rotemreiss/maskproxy/main.go:228.15,230.3 1 0
github.com/rotemreiss/maskproxy/main.go:232.2,239.20 7 0
github.com/rotemreiss/maskproxy/main.go:239.20,241.10 2 0
github.com/rotemreiss/maskproxy/main.go:241.10,243.4 1 0
github.com/rotemreiss/maskproxy/main.go:245.2,245.27 1 0
github.com/rotemreiss/maskproxy/main.go:245.27,246.34 1 0
github.com/rotemreiss/maskproxy/main.go:246.34,251.180 3 0
github.com/rotemreiss/maskproxy/main.go:251.180,253.5 1 0
github.com/rotemreiss/maskproxy/main.go:254.4,254.60 1 0
github.com/rotemreiss/maskproxy/main.go:257.2,257.30 1 0
github.com/rotemreiss/maskproxy/main.go:257.30,261.34 2 0
github.com/rotemreiss/maskproxy/main.go:261.34,262.33 1 0
github.com/rotemreiss/maskproxy/main.go:262.33,264.5 1 0
github.com/rotemreiss/maskproxy/main.go:264.10,266.5 1 0
github.com/rotemreiss/maskproxy/main.go:268.3,269.86 2 0
github.com/rotemreiss/maskproxy/main.go:271.2,271.18 1 0
github.com/rotemreiss/maskproxy/main.go:271.18,273.3 1 0
github.com/rotemreiss/maskproxy/main.go:273.8,275.22 2 0
github.com/rotemreiss/maskproxy/main.go:275.22,277.4 1 0
github.com/rotemreiss/maskproxy/main.go:277.9,279.4 1 0
github.com/rotemreiss/maskproxy/main.go:281.2,281.18 1 0
github.com/rotemreiss/maskproxy/main.go:281.18,283.3 1 0
github.com/rotemreiss/maskproxy/main.go:284.2,284.14 1 0
github.com/rotemreiss/maskproxy/main.go:284.14,286.3 1 0
github.com/rotemreiss/maskproxy/main.go:287.2,287.14 1 0
github.com/rotemreiss/maskproxy/main.go:287.14,289.3 1 0
github.com/rotemreiss/maskproxy/main.go:290.2,290.20 1 0
github.com/rotemreiss/maskproxy/main.go:290.20,292.3 1 0
github.com/rotemreiss/maskproxy/main.go:298.2,308.12 3 0
github.com/rotemreiss/maskproxy/main.go:308.12,309.77 1 0
github.com/rotemreiss/maskproxy/main.go:309.77,311.4 1 0
github.com/rotemreiss/maskproxy/main.go:312.3,312.19 1 0
github.com/rotemreiss/maskproxy/main.go:316.2,319.9 3 0
github.com/rotemreiss/maskproxy/main.go:320.26,321.17 1 0
github.com/rotemreiss/maskproxy/main.go:321.17,323.4 1 0
github.com/rotemreiss/maskproxy/main.go:324.21,328.43 4 0
github.com/rotemreiss/maskproxy/main.go:328.43,330.4 1 0
github.com/rotemreiss/maskproxy/main.go:330.9,332.4 1 0
github.com/rotemreiss/maskproxy/main.go:339.52,341.53 2 0
github.com/rotemreiss/maskproxy/main.go:341.53,343.3 1 0
github.com/rotemreiss/maskproxy/main.go:344.2,344.41 1 0
github.com/rotemreiss/maskproxy/main.go:356.55,358.24 2 9
github.com/rotemreiss/maskproxy/main.go:358.24,360.22 2 10
github.com/rotemreiss/maskproxy/main.go:360.22,362.4 1 1
github.com/rotemreiss/maskproxy/main.go:363.3,365.17 3 9
github.com/rotemreiss/maskproxy/main.go:365.17,367.4 1 1
github.com/rotemreiss/maskproxy/main.go:368.3,368.18 1 8
github.com/rotemreiss/maskproxy/main.go:368.18,370.4 1 1
github.com/rotemreiss/maskproxy/main.go:372.3,372.26 1 7
github.com/rotemreiss/maskproxy/main.go:372.26,373.75 1 64
github.com/rotemreiss/maskproxy/main.go:373.75,375.5 1 0
github.com/rotemreiss/maskproxy/main.go:378.3,378.41 1 7
github.com/rotemreiss/maskproxy/main.go:378.41,380.4 1 1
github.com/rotemreiss/maskproxy/main.go:381.3,382.28 2 6
github.com/rotemreiss/maskproxy/main.go:382.28,384.4 1 1
github.com/rotemreiss/maskproxy/main.go:385.3,385.62 1 5
github.com/rotemreiss/maskproxy/main.go:387.2,387.19 1 4
github.com/rotemreiss/maskproxy/main.go:405.62,406.19 1 11
github.com/rotemreiss/maskproxy/main.go:406.19,408.3 1 1
github.com/rotemreiss/maskproxy/main.go:409.2,410.28 2 10
github.com/rotemreiss/maskproxy/main.go:410.28,411.51 1 10
github.com/rotemreiss/maskproxy/main.go:411.51,413.18 2 12
github.com/rotemreiss/maskproxy/main.go:413.18,414.13 1 0
github.com/rotemreiss/maskproxy/main.go:417.4,417.37 1 12
github.com/rotemreiss/maskproxy/main.go:417.37,419.5 1 1
github.com/rotemreiss/maskproxy/main.go:420.4,420.39 1 11
github.com/rotemreiss/maskproxy/main.go:420.39,422.5 1 1
github.com/rotemreiss/maskproxy/main.go:425.4,425.37 1 10
github.com/rotemreiss/maskproxy/main.go:425.37,428.13 3 2
github.com/rotemreiss/maskproxy/main.go:431.4,431.56 1 8
github.com/rotemreiss/maskproxy/main.go:431.56,433.5 1 3
github.com/rotemreiss/maskproxy/main.go:434.4,434.40 1 8
github.com/rotemreiss/maskproxy/main.go:437.2,437.20 1 8
github.com/rotemreiss/maskproxy/main.go:452.51,454.16 2 2
github.com/rotemreiss/maskproxy/main.go:454.16,456.3 1 0
github.com/rotemreiss/maskproxy/main.go:457.2,462.21 5 2
github.com/rotemreiss/maskproxy/main.go:462.21,467.44 3 5
github.com/rotemreiss/maskproxy/main.go:467.44,469.4 1 2
github.com/rotemreiss/maskproxy/main.go:470.3,471.17 2 5
github.com/rotemreiss/maskproxy/main.go:471.17,472.12 1 2
github.com/rotemreiss/maskproxy/main.go:475.3,476.96 2 3
github.com/rotemreiss/maskproxy/main.go:476.96,478.4 1 1
github.com/rotemreiss/maskproxy/main.go:479.3,479.85 1 2
github.com/rotemreiss/maskproxy/main.go:481.2,481.38 1 1
github.com/rotemreiss/maskproxy/main.go:481.38,483.3 1 0
github.com/rotemreiss/maskproxy/main.go:484.2,484.38 1 1
github.com/rotemreiss/maskproxy/proxy.go:255.84,260.67 3 187
github.com/rotemreiss/maskproxy/proxy.go:260.67,263.22 1 13
github.com/rotemreiss/maskproxy/proxy.go:263.22,265.73 2 12
github.com/rotemreiss/maskproxy/proxy.go:265.73,267.5 1 8
github.com/rotemreiss/maskproxy/proxy.go:269.3,271.12 3 5
github.com/rotemreiss/maskproxy/proxy.go:275.2,278.39 2 187
github.com/rotemreiss/maskproxy/proxy.go:278.39,280.3 1 5
github.com/rotemreiss/maskproxy/proxy.go:281.2,281.15 1 187
github.com/rotemreiss/maskproxy/proxy.go:284.45,287.42 3 95
github.com/rotemreiss/maskproxy/proxy.go:287.42,288.36 1 421
github.com/rotemreiss/maskproxy/proxy.go:288.36,290.4 1 78
github.com/rotemreiss/maskproxy/proxy.go:292.2,292.14 1 17
github.com/rotemreiss/maskproxy/proxy.go:318.80,320.23 2 75
github.com/rotemreiss/maskproxy/proxy.go:320.23,322.3 1 63
github.com/rotemreiss/maskproxy/proxy.go:324.2,325.28 2 12
github.com/rotemreiss/maskproxy/proxy.go:325.28,330.20 2 15
github.com/rotemreiss/maskproxy/proxy.go:330.20,332.37 2 2
github.com/rotemreiss/maskproxy/proxy.go:332.37,334.5 1 1
github.com/rotemreiss/maskproxy/proxy.go:334.10,336.5 1 1
github.com/rotemreiss/maskproxy/proxy.go:338.3,338.20 1 15
github.com/rotemreiss/maskproxy/proxy.go:338.20,344.44 1 13
github.com/rotemreiss/maskproxy/proxy.go:344.44,347.5 1 1
github.com/rotemreiss/maskproxy/proxy.go:347.10,347.53 1 12
github.com/rotemreiss/maskproxy/proxy.go:347.53,349.5 1 1
github.com/rotemreiss/maskproxy/proxy.go:350.4,352.43 2 13
github.com/rotemreiss/maskproxy/proxy.go:352.43,354.5 1 2
github.com/rotemreiss/maskproxy/proxy.go:356.3,356.44 1 15
github.com/rotemreiss/maskproxy/proxy.go:392.44,394.47 1 113
github.com/rotemreiss/maskproxy/proxy.go:394.47,396.3 1 61
github.com/rotemreiss/maskproxy/proxy.go:398.2,398.30 1 113
github.com/rotemreiss/maskproxy/proxy.go:398.30,400.3 1 62
github.com/rotemreiss/maskproxy/proxy.go:401.2,402.21 2 51
github.com/rotemreiss/maskproxy/proxy.go:402.21,404.3 1 19
github.com/rotemreiss/maskproxy/proxy.go:405.2,412.62 3 32
github.com/rotemreiss/maskproxy/proxy.go:412.62,414.3 1 4
github.com/rotemreiss/maskproxy/proxy.go:415.2,415.18 1 28
github.com/rotemreiss/maskproxy/proxy.go:449.119,450.21 1 212
github.com/rotemreiss/maskproxy/proxy.go:450.21,452.3 1 88
github.com/rotemreiss/maskproxy/proxy.go:453.2,469.24 2 124
github.com/rotemreiss/maskproxy/proxy.go:469.24,470.69 1 50
github.com/rotemreiss/maskproxy/proxy.go:470.69,472.20 2 9
github.com/rotemreiss/maskproxy/proxy.go:472.20,474.5 1 0
github.com/rotemreiss/maskproxy/proxy.go:476.4,477.53 2 9
github.com/rotemreiss/maskproxy/proxy.go:477.53,479.5 1 9
github.com/rotemreiss/maskproxy/proxy.go:482.4,482.46 1 9
github.com/rotemreiss/maskproxy/proxy.go:482.46,484.5 1 3
github.com/rotemreiss/maskproxy/proxy.go:485.4,485.57 1 6
github.com/rotemreiss/maskproxy/proxy.go:493.2,495.68 3 124
github.com/rotemreiss/maskproxy/proxy.go:495.68,499.3 3 6
github.com/rotemreiss/maskproxy/proxy.go:502.2,514.25 6 124
github.com/rotemreiss/maskproxy/proxy.go:514.25,516.3 1 124
github.com/rotemreiss/maskproxy/proxy.go:520.2,520.50 1 124
github.com/rotemreiss/maskproxy/proxy.go:520.50,529.3 5 96
github.com/rotemreiss/maskproxy/proxy.go:532.2,532.28 1 124
github.com/rotemreiss/maskproxy/proxy.go:532.28,534.3 1 6
github.com/rotemreiss/maskproxy/proxy.go:536.2,536.10 1 124
github.com/rotemreiss/maskproxy/proxy.go:564.57,569.42 2 25
github.com/rotemreiss/maskproxy/proxy.go:569.42,570.80 1 25
github.com/rotemreiss/maskproxy/proxy.go:570.80,572.4 1 3
github.com/rotemreiss/maskproxy/proxy.go:573.3,573.20 1 22
github.com/rotemreiss/maskproxy/proxy.go:577.2,577.71 1 25
github.com/rotemreiss/maskproxy/proxy.go:577.71,579.19 2 17
github.com/rotemreiss/maskproxy/proxy.go:579.19,581.4 1 0
github.com/rotemreiss/maskproxy/proxy.go:582.3,582.38 1 17
github.com/rotemreiss/maskproxy/proxy.go:587.2,587.65 1 25
github.com/rotemreiss/maskproxy/proxy.go:587.65,589.19 2 3
github.com/rotemreiss/maskproxy/proxy.go:589.19,591.4 1 0
github.com/rotemreiss/maskproxy/proxy.go:593.3,594.33 2 3
github.com/rotemreiss/maskproxy/proxy.go:594.33,598.40 2 5
github.com/rotemreiss/maskproxy/proxy.go:598.40,599.13 1 1
github.com/rotemreiss/maskproxy/proxy.go:601.4,604.17 3 4
github.com/rotemreiss/maskproxy/proxy.go:604.17,606.5 1 1
github.com/rotemreiss/maskproxy/proxy.go:606.10,608.5 1 3
github.com/rotemreiss/maskproxy/proxy.go:610.3,610.45 1 3
github.com/rotemreiss/maskproxy/proxy.go:614.2,614.70 1 25
github.com/rotemreiss/maskproxy/proxy.go:614.70,616.19 2 3
github.com/rotemreiss/maskproxy/proxy.go:616.19,618.4 1 0
github.com/rotemreiss/maskproxy/proxy.go:619.3,619.38 1 3
github.com/rotemreiss/maskproxy/proxy.go:623.2,623.66 1 25
github.com/rotemreiss/maskproxy/proxy.go:623.66,625.19 2 1
github.com/rotemreiss/maskproxy/proxy.go:625.19,627.4 1 0
github.com/rotemreiss/maskproxy/proxy.go:628.3,628.38 1 1
github.com/rotemreiss/maskproxy/proxy.go:631.2,631.10 1 25
github.com/rotemreiss/maskproxy/proxy.go:652.71,653.34 1 29
github.com/rotemreiss/maskproxy/proxy.go:653.34,655.3 1 2
github.com/rotemreiss/maskproxy/proxy.go:656.2,675.33 6 27
github.com/rotemreiss/maskproxy/proxy.go:675.33,677.20 2 37
github.com/rotemreiss/maskproxy/proxy.go:677.20,678.12 1 1
github.com/rotemreiss/maskproxy/proxy.go:680.3,681.23 2 36
github.com/rotemreiss/maskproxy/proxy.go:681.23,682.12 1 0
github.com/rotemreiss/maskproxy/proxy.go:685.3,686.50 2 36
github.com/rotemreiss/maskproxy/proxy.go:686.50,687.12 1 3
github.com/rotemreiss/maskproxy/proxy.go:693.3,694.43 1 33
github.com/rotemreiss/maskproxy/proxy.go:694.43,695.12 1 1
github.com/rotemreiss/maskproxy/proxy.go:698.3,701.34 4 32
github.com/rotemreiss/maskproxy/proxy.go:701.34,710.44 2 46
github.com/rotemreiss/maskproxy/proxy.go:710.44,712.13 2 8
github.com/rotemreiss/maskproxy/proxy.go:714.4,714.90 1 38
github.com/rotemreiss/maskproxy/proxy.go:719.3,719.14 1 32
github.com/rotemreiss/maskproxy/proxy.go:719.14,721.36 2 6
github.com/rotemreiss/maskproxy/proxy.go:721.36,722.48 1 6
github.com/rotemreiss/maskproxy/proxy.go:722.48,724.11 2 2
github.com/rotemreiss/maskproxy/proxy.go:727.4,727.22 1 6
github.com/rotemreiss/maskproxy/proxy.go:727.22,729.5 1 4
github.com/rotemreiss/maskproxy/proxy.go:731.3,731.50 1 32
github.com/rotemreiss/maskproxy/proxy.go:733.2,733.32 1 27
github.com/rotemreiss/maskproxy/proxy.go:738.78,740.35 1 38
github.com/rotemreiss/maskproxy/proxy.go:740.35,742.3 1 19
github.com/rotemreiss/maskproxy/proxy.go:744.2,749.71 4 19
github.com/rotemreiss/maskproxy/proxy.go:749.71,750.33 1 41
github.com/rotemreiss/maskproxy/proxy.go:750.33,753.9 3 14
github.com/rotemreiss/maskproxy/proxy.go:758.2,763.43 3 19
github.com/rotemreiss/maskproxy/proxy.go:763.43,765.3 1 2
github.com/rotemreiss/maskproxy/proxy.go:768.2,769.51 2 19
github.com/rotemreiss/maskproxy/proxy.go:769.51,771.3 1 4
github.com/rotemreiss/maskproxy/proxy.go:774.2,779.15 2 19
github.com/rotemreiss/maskproxy/proxy.go:779.15,781.3 1 1
github.com/rotemreiss/maskproxy/proxy.go:784.2,784.16 1 18
github.com/rotemreiss/maskproxy/proxy.go:785.25,786.29 1 3
github.com/rotemreiss/maskproxy/proxy.go:787.33,788.19 1 15
github.com/rotemreiss/maskproxy/proxy.go:788.19,790.4 1 5
github.com/rotemreiss/maskproxy/proxy.go:791.3,791.31 1 10
github.com/rotemreiss/maskproxy/proxy.go:792.10,793.31 1 0
github.com/rotemreiss/maskproxy/proxy.go:811.59,812.17 1 80
github.com/rotemreiss/maskproxy/proxy.go:812.17,814.3 1 62
github.com/rotemreiss/maskproxy/proxy.go:815.2,816.19 2 18
github.com/rotemreiss/maskproxy/proxy.go:816.19,817.32 1 46
github.com/rotemreiss/maskproxy/proxy.go:817.32,819.4 1 14
github.com/rotemreiss/maskproxy/proxy.go:819.9,821.4 1 32
github.com/rotemreiss/maskproxy/proxy.go:823.2,823.10 1 18
github.com/rotemreiss/maskproxy/proxy.go:828.53,829.14 1 172
github.com/rotemreiss/maskproxy/proxy.go:829.14,831.3 1 147
github.com/rotemreiss/maskproxy/proxy.go:833.2,833.54 1 25
github.com/rotemreiss/maskproxy/proxy.go:833.54,835.3 1 12
github.com/rotemreiss/maskproxy/proxy.go:836.2,837.19 2 25
github.com/rotemreiss/maskproxy/proxy.go:837.19,839.3 1 12
github.com/rotemreiss/maskproxy/proxy.go:841.2,841.37 1 13
github.com/rotemreiss/maskproxy/proxy.go:841.37,842.38 1 10
github.com/rotemreiss/maskproxy/proxy.go:842.38,844.4 1 3
github.com/rotemreiss/maskproxy/proxy.go:846.2,846.14 1 10
github.com/rotemreiss/maskproxy/proxy.go:851.68,853.2 1 14
github.com/rotemreiss/maskproxy/proxy.go:859.74,860.21 1 146
github.com/rotemreiss/maskproxy/proxy.go:860.21,862.3 1 73
github.com/rotemreiss/maskproxy/proxy.go:863.2,870.10 5 73
github.com/rotemreiss/maskproxy/proxy.go:877.46,879.24 2 11
github.com/rotemreiss/maskproxy/proxy.go:879.24,881.3 1 5
github.com/rotemreiss/maskproxy/proxy.go:882.2,883.29 2 6
github.com/rotemreiss/maskproxy/proxy.go:883.29,886.27 3 7
github.com/rotemreiss/maskproxy/proxy.go:886.27,887.67 1 9
github.com/rotemreiss/maskproxy/proxy.go:887.67,889.5 1 3
github.com/rotemreiss/maskproxy/proxy.go:891.3,891.20 1 7
github.com/rotemreiss/maskproxy/proxy.go:891.20,893.4 1 3
github.com/rotemreiss/maskproxy/proxy.go:895.2,895.19 1 6
github.com/rotemreiss/maskproxy/proxy.go:895.19,897.3 1 3
github.com/rotemreiss/maskproxy/proxy.go:897.8,899.3 1 3
github.com/rotemreiss/maskproxy/proxy.go:912.83,913.75 1 60
github.com/rotemreiss/maskproxy/proxy.go:913.75,925.3 2 2
github.com/rotemreiss/maskproxy/proxy.go:926.2,926.28 1 58
github.com/rotemreiss/maskproxy/proxy.go:947.83,949.83 2 2
github.com/rotemreiss/maskproxy/proxy.go:949.83,951.3 1 1
github.com/rotemreiss/maskproxy/proxy.go:952.2,953.9 2 1
github.com/rotemreiss/maskproxy/proxy.go:953.9,956.3 1 0
github.com/rotemreiss/maskproxy/proxy.go:957.2,960.18 4 1
github.com/rotemreiss/maskproxy/proxy.go:987.86,989.22 2 11
github.com/rotemreiss/maskproxy/proxy.go:989.22,991.23 1 30
github.com/rotemreiss/maskproxy/proxy.go:991.23,994.27 3 8
github.com/rotemreiss/maskproxy/proxy.go:994.27,996.5 1 1
github.com/rotemreiss/maskproxy/proxy.go:997.4,999.12 3 8
github.com/rotemreiss/maskproxy/proxy.go:1003.3,1007.22 4 22
github.com/rotemreiss/maskproxy/proxy.go:1008.10,1009.14 1 8
github.com/rotemreiss/maskproxy/proxy.go:1010.10,1015.19 4 8
github.com/rotemreiss/maskproxy/proxy.go:1016.13,1017.16 1 1
github.com/rotemreiss/maskproxy/proxy.go:1018.13,1019.16 1 0
github.com/rotemreiss/maskproxy/proxy.go:1021.4,1021.14 1 8
github.com/rotemreiss/maskproxy/proxy.go:1021.14,1023.5 1 1
github.com/rotemreiss/maskproxy/proxy.go:1026.3,1026.27 1 22
github.com/rotemreiss/maskproxy/proxy.go:1026.27,1027.12 1 14
github.com/rotemreiss/maskproxy/proxy.go:1031.3,1031.33 1 8
github.com/rotemreiss/maskproxy/proxy.go:1037.80,1044.17 6 8
github.com/rotemreiss/maskproxy/proxy.go:1045.11,1046.60 1 1
github.com/rotemreiss/maskproxy/proxy.go:1047.11,1051.48 1 0
github.com/rotemreiss/maskproxy/proxy.go:1052.10,1053.31 1 7
github.com/rotemreiss/maskproxy/proxy.go:1055.2,1061.61 4 8
github.com/rotemreiss/maskproxy/proxy.go:1080.53,1082.11 2 0
github.com/rotemreiss/maskproxy/proxy.go:1082.11,1084.3 1 0
github.com/rotemreiss/maskproxy/proxy.go:1085.2,1085.15 1 0
github.com/rotemreiss/maskproxy/proxy.go:1089.54,1091.11 2 0
github.com/rotemreiss/maskproxy/proxy.go:1091.11,1093.3 1 0
github.com/rotemreiss/maskproxy/proxy.go:1094.2,1094.15 1 0
github.com/rotemreiss/maskproxy/proxy.go:1098.39,1098.63 1 0
github.com/rotemreiss/maskproxy/proxy.go:1122.262,1123.23 1 66
github.com/rotemreiss/maskproxy/proxy.go:1123.23,1125.3 1 65
github.com/rotemreiss/maskproxy/proxy.go:1128.2,1152.37 5 66
github.com/rotemreiss/maskproxy/proxy.go:1152.37,1160.3 1 10
github.com/rotemreiss/maskproxy/proxy.go:1168.2,1169.21 2 66
github.com/rotemreiss/maskproxy/proxy.go:1169.21,1175.3 1 36
github.com/rotemreiss/maskproxy/proxy.go:1181.2,1182.25 2 66
github.com/rotemreiss/maskproxy/proxy.go:1182.25,1191.3 3 1
github.com/rotemreiss/maskproxy/proxy.go:1192.2,1192.14 1 66
github.com/rotemreiss/maskproxy/proxy.go:1192.14,1195.3 2 0
github.com/rotemreiss/maskproxy/proxy.go:1201.2,1202.18 2 66
github.com/rotemreiss/maskproxy/proxy.go:1202.18,1204.3 1 0
github.com/rotemreiss/maskproxy/proxy.go:1207.2,1214.38 3 66
github.com/rotemreiss/maskproxy/proxy.go:1214.38,1221.23 2 66
github.com/rotemreiss/maskproxy/proxy.go:1221.23,1223.4 1 0
github.com/rotemreiss/maskproxy/proxy.go:1224.3,1224.23 1 66
github.com/rotemreiss/maskproxy/proxy.go:1224.23,1226.4 1 66
github.com/rotemreiss/maskproxy/proxy.go:1228.3,1242.55 5 66
github.com/rotemreiss/maskproxy/proxy.go:1242.55,1244.45 2 7
github.com/rotemreiss/maskproxy/proxy.go:1244.45,1246.5 1 7
github.com/rotemreiss/maskproxy/proxy.go:1246.10,1248.5 1 0
github.com/rotemreiss/maskproxy/proxy.go:1250.3,1250.63 1 66
github.com/rotemreiss/maskproxy/proxy.go:1250.63,1252.29 2 26
github.com/rotemreiss/maskproxy/proxy.go:1252.29,1254.5 1 0
github.com/rotemreiss/maskproxy/proxy.go:1255.4,1255.30 1 26
github.com/rotemreiss/maskproxy/proxy.go:1255.30,1257.5 1 1
github.com/rotemreiss/maskproxy/proxy.go:1270.3,1270.55 1 66
github.com/rotemreiss/maskproxy/proxy.go:1270.55,1274.45 4 7
github.com/rotemreiss/maskproxy/proxy.go:1274.45,1277.5 2 7
github.com/rotemreiss/maskproxy/proxy.go:1288.4,1290.43 3 7
github.com/rotemreiss/maskproxy/proxy.go:1290.43,1291.25 1 7
github.com/rotemreiss/maskproxy/proxy.go:1291.25,1292.54 1 102
github.com/rotemreiss/maskproxy/proxy.go:1292.54,1294.7 1 1
github.com/rotemreiss/maskproxy/proxy.go:1296.5,1296.17 1 6
github.com/rotemreiss/maskproxy/proxy.go:1298.4,1300.23 2 7
github.com/rotemreiss/maskproxy/proxy.go:1300.23,1308.5 4 2
github.com/rotemreiss/maskproxy/proxy.go:1308.10,1314.5 4 5
github.com/rotemreiss/maskproxy/proxy.go:1329.3,1330.38 2 66
github.com/rotemreiss/maskproxy/proxy.go:1330.38,1331.38 1 63
github.com/rotemreiss/maskproxy/proxy.go:1331.38,1332.28 1 139
github.com/rotemreiss/maskproxy/proxy.go:1332.28,1333.24 1 139
github.com/rotemreiss/maskproxy/proxy.go:1333.24,1335.7 1 59
github.com/rotemreiss/maskproxy/proxy.go:1336.6,1337.28 2 139
github.com/rotemreiss/maskproxy/proxy.go:1344.3,1344.22 1 66
github.com/rotemreiss/maskproxy/proxy.go:1344.22,1353.18 4 3
github.com/rotemreiss/maskproxy/proxy.go:1353.18,1354.54 1 3
github.com/rotemreiss/maskproxy/proxy.go:1354.54,1362.6 3 2
github.com/rotemreiss/maskproxy/proxy.go:1362.11,1366.41 4 1
github.com/rotemreiss/maskproxy/proxy.go:1366.41,1367.25 1 1
github.com/rotemreiss/maskproxy/proxy.go:1367.25,1369.8 1 1
github.com/rotemreiss/maskproxy/proxy.go:1370.7,1370.82 1 1
github.com/rotemreiss/maskproxy/proxy.go:1372.6,1375.32 4 1
github.com/rotemreiss/maskproxy/proxy.go:1377.10,1381.5 2 0
github.com/rotemreiss/maskproxy/proxy.go:1382.9,1390.4 3 63
github.com/rotemreiss/maskproxy/proxy.go:1397.3,1397.34 1 66
github.com/rotemreiss/maskproxy/proxy.go:1397.34,1399.4 1 6
github.com/rotemreiss/maskproxy/proxy.go:1405.3,1423.29 9 66
github.com/rotemreiss/maskproxy/proxy.go:1426.2,1426.52 1 66
github.com/rotemreiss/maskproxy/proxy.go:1426.52,1430.56 2 65
github.com/rotemreiss/maskproxy/proxy.go:1430.56,1432.4 1 0
github.com/rotemreiss/maskproxy/proxy.go:1436.3,1436.85 1 65
github.com/rotemreiss/maskproxy/proxy.go:1436.85,1439.4 2 2
github.com/rotemreiss/maskproxy/proxy.go:1453.3,1454.94 2 63
github.com/rotemreiss/maskproxy/proxy.go:1454.94,1457.61 3 63
github.com/rotemreiss/maskproxy/proxy.go:1457.61,1459.5 1 1
github.com/rotemreiss/maskproxy/proxy.go:1470.3,1470.26 1 63
github.com/rotemreiss/maskproxy/proxy.go:1471.36,1473.29 2 1
github.com/rotemreiss/maskproxy/proxy.go:1474.37,1476.42 2 1
github.com/rotemreiss/maskproxy/proxy.go:1487.3,1488.82 2 63
github.com/rotemreiss/maskproxy/proxy.go:1488.82,1490.4 1 5
github.com/rotemreiss/maskproxy/proxy.go:1491.3,1497.33 2 63
github.com/rotemreiss/maskproxy/proxy.go:1497.33,1499.4 1 1323
github.com/rotemreiss/maskproxy/proxy.go:1505.3,1505.46 1 63
github.com/rotemreiss/maskproxy/proxy.go:1505.46,1508.4 2 3
github.com/rotemreiss/maskproxy/proxy.go:1514.3,1514.101 1 60
github.com/rotemreiss/maskproxy/proxy.go:1514.101,1515.42 1 120
github.com/rotemreiss/maskproxy/proxy.go:1515.42,1517.5 1 3
github.com/rotemreiss/maskproxy/proxy.go:1527.3,1528.82 2 60
github.com/rotemreiss/maskproxy/proxy.go:1528.82,1530.4 1 5
github.com/rotemreiss/maskproxy/proxy.go:1531.3,1531.38 1 60
github.com/rotemreiss/maskproxy/proxy.go:1531.38,1532.31 1 196
github.com/rotemreiss/maskproxy/proxy.go:1532.31,1533.13 1 66
github.com/rotemreiss/maskproxy/proxy.go:1535.4,1535.27 1 130
github.com/rotemreiss/maskproxy/proxy.go:1535.27,1537.27 2 130
github.com/rotemreiss/maskproxy/proxy.go:1537.27,1538.16 1 11
github.com/rotemreiss/maskproxy/proxy.go:1539.41,1541.108 1 1
github.com/rotemreiss/maskproxy/proxy.go:1541.108,1543.7 1 1
github.com/rotemreiss/maskproxy/proxy.go:1544.20,1546.68 1 1
github.com/rotemreiss/maskproxy/proxy.go:1546.68,1548.127 2 1
github.com/rotemreiss/maskproxy/proxy.go:1548.127,1550.8 1 1
github.com/rotemreiss/maskproxy/proxy.go:1552.17,1555.69 1 1
github.com/rotemreiss/maskproxy/proxy.go:1555.69,1557.23 2 2
github.com/rotemreiss/maskproxy/proxy.go:1557.23,1559.8 1 0
github.com/rotemreiss/maskproxy/proxy.go:1560.7,1561.84 2 2
github.com/rotemreiss/maskproxy/proxy.go:1561.84,1563.8 1 0
github.com/rotemreiss/maskproxy/proxy.go:1564.7,1564.64 1 2
github.com/rotemreiss/maskproxy/proxy.go:1570.4,1570.21 1 130
github.com/rotemreiss/maskproxy/proxy.go:1570.21,1572.5 1 2
github.com/rotemreiss/maskproxy/proxy.go:1573.5,1574.28 2 130
github.com/rotemreiss/maskproxy/proxy.go:1581.3,1582.34 2 60
github.com/rotemreiss/maskproxy/proxy.go:1582.34,1586.4 2 5
github.com/rotemreiss/maskproxy/proxy.go:1592.3,1595.13 2 55
github.com/rotemreiss/maskproxy/proxy.go:1595.13,1598.4 2 1
github.com/rotemreiss/maskproxy/proxy.go:1607.3,1607.121 1 54
github.com/rotemreiss/maskproxy/proxy.go:1607.121,1610.4 2 1
github.com/rotemreiss/maskproxy/proxy.go:1615.3,1622.60 6 53
github.com/rotemreiss/maskproxy/proxy.go:1622.60,1627.4 3 1
github.com/rotemreiss/maskproxy/proxy.go:1628.3,1628.13 1 52
github.com/rotemreiss/maskproxy/proxy.go:1628.13,1630.18 2 2
github.com/rotemreiss/maskproxy/proxy.go:1630.18,1634.5 3 0
github.com/rotemreiss/maskproxy/proxy.go:1635.4,1641.41 4 2
github.com/rotemreiss/maskproxy/proxy.go:1643.3,1643.16 1 52
github.com/rotemreiss/maskproxy/proxy.go:1643.16,1657.18 3 3
github.com/rotemreiss/maskproxy/proxy.go:1657.18,1659.5 1 0
github.com/rotemreiss/maskproxy/proxy.go:1660.4,1661.67 2 3
github.com/rotemreiss/maskproxy/proxy.go:1661.67,1663.5 1 2
github.com/rotemreiss/maskproxy/proxy.go:1663.10,1666.5 2 1
github.com/rotemreiss/maskproxy/proxy.go:1667.4,1667.18 1 3
github.com/rotemreiss/maskproxy/proxy.go:1667.18,1672.5 4 0
github.com/rotemreiss/maskproxy/proxy.go:1673.4,1676.41 4 3
github.com/rotemreiss/maskproxy/proxy.go:1679.3,1680.17 2 52
github.com/rotemreiss/maskproxy/proxy.go:1680.17,1682.4 1 0
github.com/rotemreiss/maskproxy/proxy.go:1688.3,1688.37 1 52
github.com/rotemreiss/maskproxy/proxy.go:1688.37,1691.11 3 2
github.com/rotemreiss/maskproxy/proxy.go:1692.19,1694.65 2 1
github.com/rotemreiss/maskproxy/proxy.go:1695.16,1696.51 1 0
github.com/rotemreiss/maskproxy/proxy.go:1697.12,1698.78 1 1
github.com/rotemreiss/maskproxy/proxy.go:1700.4,1700.14 1 2
github.com/rotemreiss/maskproxy/proxy.go:1702.3,1731.97 3 50
github.com/rotemreiss/maskproxy/proxy.go:1731.97,1733.4 1 3
github.com/rotemreiss/maskproxy/proxy.go:1743.3,1743.50 1 50
github.com/rotemreiss/maskproxy/proxy.go:1743.50,1745.4 1 24
github.com/rotemreiss/maskproxy/proxy.go:1747.3,1748.104 2 50
github.com/rotemreiss/maskproxy/proxy.go:1748.104,1753.4 4 50
github.com/rotemreiss/maskproxy/proxy.go:1755.3,1767.13 6 50
github.com/rotemreiss/maskproxy/proxy.go:1770.2,1770.74 1 66
github.com/rotemreiss/maskproxy/proxy.go:1770.74,1775.3 3 1
github.com/rotemreiss/maskproxy/proxy.go:1777.2,1791.3 1 66
github.com/rotemreiss/maskproxy/replacer.go:48.72,50.16 2 88
github.com/rotemreiss/maskproxy/replacer.go:50.16,52.3 1 40
github.com/rotemreiss/maskproxy/replacer.go:54.2,54.48 1 48
github.com/rotemreiss/maskproxy/replacer.go:54.48,56.17 2 66
github.com/rotemreiss/maskproxy/replacer.go:56.17,57.12 1 0
github.com/rotemreiss/maskproxy/replacer.go:59.3,60.49 2 66
github.com/rotemreiss/maskproxy/replacer.go:60.49,62.4 1 1
github.com/rotemreiss/maskproxy/replacer.go:63.3,65.43 3 65
github.com/rotemreiss/maskproxy/replacer.go:69.2,69.47 1 47
github.com/rotemreiss/maskproxy/replacer.go:69.47,71.3 1 18
github.com/rotemreiss/maskproxy/replacer.go:74.2,74.48 1 47
github.com/rotemreiss/maskproxy/replacer.go:74.48,76.3 1 19
github.com/rotemreiss/maskproxy/replacer.go:83.2,83.27 1 47
github.com/rotemreiss/maskproxy/replacer.go:83.27,86.34 3 47
github.com/rotemreiss/maskproxy/replacer.go:86.34,88.23 2 65
github.com/rotemreiss/maskproxy/replacer.go:88.23,90.5 1 10
github.com/rotemreiss/maskproxy/replacer.go:91.4,91.33 1 65
github.com/rotemreiss/maskproxy/replacer.go:94.2,94.28 1 47
github.com/rotemreiss/maskproxy/replacer.go:94.28,97.35 3 47
github.com/rotemreiss/maskproxy/replacer.go:97.35,99.23 2 65
github.com/rotemreiss/maskproxy/replacer.go:99.23,101.5 1 10
github.com/rotemreiss/maskproxy/replacer.go:102.4,102.31 1 65
github.com/rotemreiss/maskproxy/replacer.go:106.2,106.15 1 47
github.com/rotemreiss/maskproxy/replacer.go:111.83,113.26 2 94
github.com/rotemreiss/maskproxy/replacer.go:113.26,114.23 1 130
github.com/rotemreiss/maskproxy/replacer.go:114.23,116.4 1 65
github.com/rotemreiss/maskproxy/replacer.go:116.9,118.4 1 65
github.com/rotemreiss/maskproxy/replacer.go:120.2,121.21 2 94
github.com/rotemreiss/maskproxy/replacer.go:121.21,123.3 1 16
github.com/rotemreiss/maskproxy/replacer.go:124.2,124.76 1 94
github.com/rotemreiss/maskproxy/replacer.go:129.48,130.20 1 101
github.com/rotemreiss/maskproxy/replacer.go:130.20,132.3 1 2
github.com/rotemreiss/maskproxy/replacer.go:133.2,133.63 1 99
github.com/rotemreiss/maskproxy/replacer.go:133.63,135.24 2 18
github.com/rotemreiss/maskproxy/replacer.go:135.24,137.4 1 9
github.com/rotemreiss/maskproxy/replacer.go:138.3,138.36 1 18
github.com/rotemreiss/maskproxy/replacer.go:138.36,140.4 1 18
github.com/rotemreiss/maskproxy/replacer.go:141.3,141.11 1 0
github.com/rotemreiss/maskproxy/replacer.go:147.45,148.21 1 158
github.com/rotemreiss/maskproxy/replacer.go:148.21,150.3 1 79
github.com/rotemreiss/maskproxy/replacer.go:151.2,151.64 1 79
github.com/rotemreiss/maskproxy/replacer.go:151.64,153.24 2 30
github.com/rotemreiss/maskproxy/replacer.go:153.24,155.4 1 13
github.com/rotemreiss/maskproxy/replacer.go:156.3,156.37 1 30
github.com/rotemreiss/maskproxy/replacer.go:156.37,158.4 1 30
github.com/rotemreiss/maskproxy/replacer.go:159.3,159.11 1 0
github.com/rotemreiss/maskproxy/replacer.go:164.36,166.2 1 207
github.com/rotemreiss/maskproxy/replacer.go:169.59,171.20 2 4
github.com/rotemreiss/maskproxy/replacer.go:171.20,173.3 1 1
github.com/rotemreiss/maskproxy/replacer.go:174.2,174.66 1 3
github.com/rotemreiss/maskproxy/replacer.go:174.66,176.24 2 7
github.com/rotemreiss/maskproxy/replacer.go:176.24,178.4 1 0
github.com/rotemreiss/maskproxy/replacer.go:179.3,179.36 1 7
github.com/rotemreiss/maskproxy/replacer.go:179.36,182.4 2 7
github.com/rotemreiss/maskproxy/replacer.go:183.3,183.11 1 0
github.com/rotemreiss/maskproxy/replacer.go:185.2,185.22 1 3
github.com/rotemreiss/maskproxy/replacer.go:189.56,191.21 2 54
github.com/rotemreiss/maskproxy/replacer.go:191.21,193.3 1 32
github.com/rotemreiss/maskproxy/replacer.go:194.2,194.67 1 22
github.com/rotemreiss/maskproxy/replacer.go:194.67,196.24 2 36
github.com/rotemreiss/maskproxy/replacer.go:196.24,198.4 1 6
github.com/rotemreiss/maskproxy/replacer.go:199.3,199.37 1 36
github.com/rotemreiss/maskproxy/replacer.go:199.37,202.4 2 36
github.com/rotemreiss/maskproxy/replacer.go:203.3,203.11 1 0
github.com/rotemreiss/maskproxy/replacer.go:205.2,205.22 1 22
